[debug] [2024-10-05T04:11:00.189Z] ----------------------------------------------------------------------
[debug] [2024-10-05T04:11:00.191Z] Command:       C:\Program Files\nodejs\node.exe C:\Users\admin\AppData\Roaming\npm\node_modules\firebase-tools\lib\bin\firebase.js init
[debug] [2024-10-05T04:11:00.191Z] CLI Version:   13.20.2
[debug] [2024-10-05T04:11:00.192Z] Platform:      win32
[debug] [2024-10-05T04:11:00.192Z] Node Version:  v18.17.1
[debug] [2024-10-05T04:11:00.193Z] Time:          Sat Oct 05 2024 09:41:00 GMT+0530 (India Standard Time)
[debug] [2024-10-05T04:11:00.193Z] ----------------------------------------------------------------------
[debug] 
[debug] [2024-10-05T04:11:00.199Z] > command requires scopes: ["email","openid","https://www.googleapis.com/auth/cloudplatformprojects.readonly","https://www.googleapis.com/auth/firebase","https://www.googleapis.com/auth/cloud-platform"]
[debug] [2024-10-05T04:11:00.199Z] > authorizing via signed-in user (hackom.dps@gmail.com)
[info] 
     ######## #### ########  ######## ########     ###     ######  ########
     ##        ##  ##     ## ##       ##     ##  ##   ##  ##       ##
     ######    ##  ########  ######   ########  #########  ######  ######
     ##        ##  ##    ##  ##       ##     ## ##     ##       ## ##
     ##       #### ##     ## ######## ########  ##     ##  ######  ########

You're about to initialize a Firebase project in this directory:

  C:\Users\admin\Desktop\digits

[info] 
=== Project Setup
[info] 
[info] First, let's associate this project directory with a Firebase project.
[info] You can create multiple project aliases by running firebase use --add, 
[info] but for now we'll just set up a default project.
[info] 
[debug] [2024-10-05T04:11:09.869Z] Checked if tokens are valid: true, expires at: 1728105047996
[debug] [2024-10-05T04:11:09.869Z] Checked if tokens are valid: true, expires at: 1728105047996
[debug] [2024-10-05T04:11:09.871Z] >>> [apiv2][query] GET https://firebase.googleapis.com/v1beta1/projects pageSize=100
[debug] [2024-10-05T04:11:11.052Z] <<< [apiv2][status] GET https://firebase.googleapis.com/v1beta1/projects 200
[debug] [2024-10-05T04:11:11.052Z] <<< [apiv2][body] GET https://firebase.googleapis.com/v1beta1/projects [omitted]
[info] i  Using project dpsdigits2024 (dpsdigits2024) 
[info] 
=== Hosting Setup
[debug] [2024-10-05T04:11:42.725Z] Checked if tokens are valid: true, expires at: 1728105047996
[debug] [2024-10-05T04:11:42.725Z] Checked if tokens are valid: true, expires at: 1728105047996
[debug] [2024-10-05T04:11:42.726Z] >>> [apiv2][query] GET https://firebase.googleapis.com/v1beta1/projects/dpsdigits2024 [none]
[debug] [2024-10-05T04:11:44.174Z] <<< [apiv2][status] GET https://firebase.googleapis.com/v1beta1/projects/dpsdigits2024 200
[debug] [2024-10-05T04:11:44.174Z] <<< [apiv2][body] GET https://firebase.googleapis.com/v1beta1/projects/dpsdigits2024 {"projectId":"dpsdigits2024","projectNumber":"425513543236","displayName":"dpsdigits2024","name":"projects/dpsdigits2024","resources":{"hostingSite":"dpsdigits2024"},"state":"ACTIVE","etag":"1_2db2372a-f259-4b48-a78c-354af33accc8"}
[info] 
[info] Your public directory is the folder (relative to your project directory) that
[info] will contain Hosting assets to be uploaded with firebase deploy. If you
[info] have a build process for your assets, use your build's output directory.
[info] 
[debug] [2024-10-05T04:11:54.068Z] >>> [apiv2][query] GET https://www.gstatic.com/firebasejs/releases.json [none]
[debug] [2024-10-05T04:11:55.031Z] <<< [apiv2][status] GET https://www.gstatic.com/firebasejs/releases.json 200
[debug] [2024-10-05T04:11:55.031Z] <<< [apiv2][body] GET https://www.gstatic.com/firebasejs/releases.json {"current":{"version":"10.14.0","browserURL":"https://www.gstatic.com/firebasejs/10.14.0/firebase.js","packageURL":"https://www.gstatic.com/firebasejs/10.14.0/firebase.tgz"},"live":{"version":"10.14","browserURL":"https://www.gstatic.com/firebasejs/live/10.14/firebase.js","packageURL":"https://www.gstatic.com/firebasejs/live/10.14/firebase.tgz"},"components":{"analytics":"https://www.gstatic.com/firebasejs/10.14.0/firebase-analytics.js","app":"https://www.gstatic.com/firebasejs/10.14.0/firebase-app.js","app-check":"https://www.gstatic.com/firebasejs/10.14.0/firebase-app-check.js","auth":"https://www.gstatic.com/firebasejs/10.14.0/firebase-auth.js","auth/cordova":"https://www.gstatic.com/firebasejs/10.14.0/firebase-auth/cordova.js","auth/web-extension":"https://www.gstatic.com/firebasejs/10.14.0/firebase-auth/web-extension.js","functions":"https://www.gstatic.com/firebasejs/10.14.0/firebase-functions.js","firestore":"https://www.gstatic.com/firebasejs/10.14.0/firebase-firestore.js","firestore/lite":"https://www.gstatic.com/firebasejs/10.14.0/firebase-firestore/lite.js","installations":"https://www.gstatic.com/firebasejs/10.14.0/firebase-installations.js","storage":"https://www.gstatic.com/firebasejs/10.14.0/firebase-storage.js","performance":"https://www.gstatic.com/firebasejs/10.14.0/firebase-performance.js","remote-config":"https://www.gstatic.com/firebasejs/10.14.0/firebase-remote-config.js","messaging":"https://www.gstatic.com/firebasejs/10.14.0/firebase-messaging.js","messaging/sw":"https://www.gstatic.com/firebasejs/10.14.0/firebase-messaging/sw.js","database":"https://www.gstatic.com/firebasejs/10.14.0/firebase-database.js","data-connect":"https://www.gstatic.com/firebasejs/10.14.0/firebase-data-connect.js","vertexai-preview":"https://www.gstatic.com/firebasejs/10.14.0/firebase-vertexai-preview.js","firestore.memory":"https://www.gstatic.com/firebasejs/10.14.0/firebase-firestore.memory.js"}}
[info] i  Skipping write of public/index.html 
[info] 
[info] i  Writing configuration info to firebase.json... 
[info] i  Writing project information to .firebaserc... 
[info] i  Writing gitignore file to .gitignore... 
[info] 
[info] +  Firebase initialization complete! 
